<?xml version="1.0" encoding="UTF-8"?>
<testsuite name="edu.handong.csee.isel.bytecodeparser.JasmClassTest" tests="1" skipped="0" failures="0" errors="0" timestamp="2021-12-11T16:11:09" hostname="yoonhoChoiui-MacBookPro.local" time="0.012">
  <properties/>
  <testcase name="testJasm()" classname="edu.handong.csee.isel.bytecodeparser.JasmClassTest" time="0.012"/>
  <system-out><![CDATA[]]></system-out>
  <system-err><![CDATA[]]></system-err>
</testsuite>
